=== LIVE PREFLIGHT Sun Aug 10 22:51:16 +03 2025 ===
ENV CHECK:
⚠️ BLOCKER FOUND: MAIL_DRY_RUN=1 (should be 0 for live testing)
Current .env.local settings:
RESEND_API_KEY=re_Bp1hBE12_Mf9xAXh4x1emLvng7vxKTs2Q
MAIL_FROM=Depth <no-reply@depth-agency.com>
MAIL_CC_ADMIN=admin@depth-agency.com
MAIL_DRY_RUN=1
BRAND_URL=http://localhost:3000
EMAIL_FROM=Depth <hello@depth-agency.com>
EMAIL_TO=admin@depth-agency.com
NEXT_PUBLIC_SITE_URL=http://localhost:3000
✅ BLOCKER RESOLVED: MAIL_DRY_RUN=0 set for live testing
Updated .env.local settings:
RESEND_API_KEY=re_Bp1hBE12_Mf9xAXh4x1emLvng7vxKTs2Q
MAIL_FROM=Depth <no-reply@depth-agency.com>
MAIL_CC_ADMIN=admin@depth-agency.com
MAIL_DRY_RUN=0
BRAND_URL=https://depth-agency.com
EMAIL_FROM=Depth <hello@depth-agency.com>
EMAIL_TO=admin@depth-agency.com
NEXT_PUBLIC_SITE_URL=http://localhost:3000
=== STARTING LIVE E2E EMAIL TESTS Sun Aug 10 22:54:46 +03 2025 ===
Sending general inquiry...

Testing General inquiry...
✅ General sent
⚠️ PRODUCTION BLOCKER: missing_api_key in Vercel deployment
Switching to LOCAL testing (localhost:3000)
✅ Local server ready. Starting live tests...
Testing General inquiry...
✅ General sent
Testing Pricing inquiry...
✅ Pricing sent
Testing Support inquiry...
✅ Support sent
Testing Press inquiry...
✅ Press sent
Testing Jobs inquiry...
✅ Jobs sent
Testing Press with different email...
✅ Press sent with different email
Testing Jobs with different email...
✅ Jobs sent with different email
Testing English support template...
✅ English support sent
Testing Honeypot anti-spam...
✅ Honeypot test sent
=== CURRENT TEST RESULTS ===
=== SAFETY RESTORE ===
✅ MAIL_DRY_RUN=1 restored for safety
🏁 Live testing completed at Sun Aug 10 22:58:11 +03 2025
